verification result:
spin -a  assignment1.pml
ltl ltl_0: [] (! ((((currentRoad[0]==currentRoad[1])) && ((currentDirection[0]==currentDirection[1]))) && ((currentLocation[0]==currentLocation[1]))))
gcc -DMEMLIM=1024 -O2 -DXUSAFE -w -o pan pan.c
./pan -m10000  -a
Pid: 58458
pan:1: assertion violated  !( !( !((((currentRoad[0]==currentRoad[1])&&(currentDirection[0]==currentDirection[1]))&&(currentLocation[0]==currentLocation[1]))))) (at depth 0)
pan: wrote assignment1.pml.trail

(Spin Version 6.4.5 -- 1 January 2016)
Warning: Search not completed
	+ Partial Order Reduction

Full statespace search for:
	never claim         	+ (ltl_0)
	assertion violations	+ (if within scope of claim)
	acceptance   cycles 	+ (fairness disabled)
	invalid end states	- (disabled by never claim)

State-vector 220 byte, depth reached 0, errors: 1
        1 states, stored
        0 states, matched
        1 transitions (= stored+matched)
        0 atomic steps
hash conflicts:         0 (resolved)

Stats on memory usage (in Megabytes):
    0.000	equivalent memory usage for states (stored*(State-vector + overhead))
    0.262	actual memory usage for states
  128.000	memory used for hash table (-w24)
    0.534	memory used for DFS stack (-m10000)
  128.730	total actual memory usage



pan: elapsed time 0 seconds
To replay the error-trail, goto Simulate/Replay and select "Run"


