verification result:
spin -a  assignment1.pml
gcc -DMEMLIM=1024 -O2 -DXUSAFE -DSAFETY -DNOCLAIM -w -o pan pan.c
./pan -m10000 
Pid: 55167
error: max search depth too small
Depth=    9999 States=    1e+06 Transitions= 2.89e+06 Memory=   304.315	t=     1.68 R=   6e+05
Depth=    9999 States=    2e+06 Transitions= 5.78e+06 Memory=   479.999	t=      3.4 R=   6e+05
Depth=    9999 States=    3e+06 Transitions= 8.64e+06 Memory=   655.585	t=     5.16 R=   6e+05
Depth=    9999 States=    4e+06 Transitions= 1.15e+07 Memory=   831.269	t=     6.95 R=   6e+05
Depth=    9999 States=    5e+06 Transitions= 1.44e+07 Memory=  1006.855	t=     8.96 R=   6e+05
pan: reached -DMEMLIM bound
	1.07368e+09 bytes used
	102400 bytes more needed
	1.07374e+09 bytes limit
hint: to reduce memory, recompile with
  -DCOLLAPSE # good, fast compression, or
  -DMA=204   # better/slower compression, or
  -DHC # hash-compaction, approximation
  -DBITSTATE # supertrace, approximation

(Spin Version 6.4.5 -- 1 January 2016)
Warning: Search not completed
	+ Partial Order Reduction

Full statespace search for:
	never claim         	- (not selected)
	assertion violations	+
	cycle checks       	- (disabled by -DSAFETY)
	invalid end states	+

State-vector 204 byte, depth reached 9999, errors: 0
  5097407 states, stored
  9534720 states, matched
 14632127 transitions (= stored+matched)
        0 atomic steps
hash conflicts:    691252 (resolved)

Stats on memory usage (in Megabytes):
 1127.814	equivalent memory usage for states (stored*(State-vector + overhead))
  896.317	actual memory usage for states (compression: 79.47%)
         	state-vector as stored = 156 byte + 28 byte overhead
  128.000	memory used for hash table (-w24)
    0.534	memory used for DFS stack (-m10000)
 1023.944	total actual memory usage



pan: elapsed time 9.2 seconds
No errors found -- did you verify all claims?


